Build started 2016-02-01 21:27:10.
     1>Project "C:\Users\user\Documents\Kengine\Kengine\Kengine.vcxproj" on node 2 (Build target(s)).
     1>ClCompile:
         D:\Microsoft Visual Studio\VC\bin\x86_amd64\CL.exe /c /ZI /nologo /W3 /WX- /sdl /Od /D _MBCS /Gm /EHsc /RTC1 /MDd /GS /fp:precise /Zc:wchar_t /Zc:forScope /Zc:inline /Fo"x64\Debug\\" /Fd"x64\Debug\vc140.pdb" /Gd /TP /errorReport:prompt app\Game.cpp app\GameState.cpp app\window.cpp gameStates\testState.cpp main.cpp player\Player.cpp
         Player.cpp
     1>c:\users\user\documents\kengine\kengine\player\player.h(2): fatal error C1083: Cannot open include file: 'SFML/Window.hpp': No such file or directory
         main.cpp
     1>c:\users\user\documents\kengine\kengine\main.cpp(1): fatal error C1083: Cannot open include file: 'SFML/Graphics.hpp': No such file or directory
         testState.cpp
     1>c:\users\user\documents\kengine\kengine\app\window.h(3): fatal error C1083: Cannot open include file: 'SFML/Graphics.hpp': No such file or directory
         window.cpp
     1>c:\users\user\documents\kengine\kengine\app\window.h(3): fatal error C1083: Cannot open include file: 'SFML/Graphics.hpp': No such file or directory
         GameState.cpp
     1>c:\users\user\documents\kengine\kengine\app\window.h(3): fatal error C1083: Cannot open include file: 'SFML/Graphics.hpp': No such file or directory
         Game.cpp
     1>c:\users\user\documents\kengine\kengine\app\window.h(3): fatal error C1083: Cannot open include file: 'SFML/Graphics.hpp': No such file or directory
         Generating Code...
     1>Done Building Project "C:\Users\user\Documents\Kengine\Kengine\Kengine.vcxproj" (Build target(s)) -- FAILED.

Build FAILED.

Time Elapsed 00:00:02.26
